epoch,BLEU,loss,val_BLEU,val_loss
0,0.7772970795631409,53.735687255859375,0.7822608351707458,11.18110466003418
1,0.7773075103759766,10.3001708984375,0.7822608351707458,9.808188438415527
2,0.7772970795631409,9.626256942749023,0.7822608351707458,9.42415714263916
3,0.7772970795631409,9.297220230102539,0.7822608351707458,9.123064041137695
4,0.7772970795631409,9.00613784790039,0.7822608351707458,8.841196060180664
5,0.7772970795631409,8.726154327392578,0.7822608351707458,8.550169944763184
6,0.7772970795631409,8.45408821105957,0.7822608351707458,8.283336639404297
7,0.7772970795631409,8.181921005249023,0.7822608351707458,7.998724460601807
8,0.7772970795631409,7.912924766540527,0.7822608351707458,7.726291656494141
9,0.7772970795631409,7.643823146820068,0.7822608351707458,7.4509968757629395
10,0.7772970795631409,7.378662586212158,0.7822608351707458,7.178921222686768
11,0.7772970795631409,7.113741874694824,0.7822608351707458,6.909132480621338
12,0.7772970795631409,6.857357025146484,0.7822608351707458,6.635908603668213
13,0.7772970795631409,6.603687763214111,0.7822608351707458,6.3883514404296875
14,0.7772970795631409,6.336808204650879,0.7822608351707458,6.1157026290893555
15,0.7772970795631409,6.075295925140381,0.7822608351707458,5.8537187576293945
16,0.7772970795631409,5.819611072540283,0.7822608351707458,5.590240001678467
17,0.7772970795631409,5.57474422454834,0.7822608351707458,5.3545379638671875
18,0.7772970795631409,5.352610111236572,0.7822608351707458,5.135806560516357
19,0.7772970795631409,5.151232719421387,0.7822608351707458,4.946846961975098
20,0.7772970795631409,4.960954666137695,0.7822608351707458,4.75910758972168
21,0.7772970795631409,4.790103435516357,0.7822608351707458,4.5398101806640625
22,0.7772970795631409,4.610044479370117,0.7822608351707458,4.396787166595459
23,0.7772970795631409,4.466866493225098,0.7822608351707458,4.272351264953613
24,0.7772970795631409,4.334996223449707,0.7822608351707458,4.14077091217041
25,0.7772970795631409,4.2284770011901855,0.7822608351707458,4.020207405090332
26,0.7772970795631409,4.117967128753662,0.7822608351707458,3.926159620285034
27,0.7772970795631409,4.035333156585693,0.7822608351707458,3.84604549407959
28,0.7772970795631409,3.979187250137329,0.7822608351707458,3.782111883163452
29,0.7772970795631409,3.923642635345459,0.7822608351707458,3.727342128753662
30,0.7772970795631409,3.929734706878662,0.7822608351707458,3.721529722213745
31,0.7772970795631409,3.8821682929992676,0.7822608351707458,3.728792190551758
32,0.7772970795631409,3.8540852069854736,0.7822608351707458,3.7025957107543945
33,0.7772970795631409,3.8354334831237793,0.7822608351707458,3.697112560272217
34,0.7772970795631409,3.8297088146209717,0.7822608351707458,3.651840925216675
35,0.7773909568786621,3.809870719909668,0.7823630571365356,3.6491711139678955
36,0.7777663469314575,3.7895195484161377,0.7827715277671814,3.6187546253204346
37,0.7777663469314575,3.7733707427978516,0.7827715277671814,3.611546516418457
38,0.7777663469314575,3.7709600925445557,0.7827715277671814,3.5868000984191895
39,0.7777767181396484,3.7562754154205322,0.7827715277671814,3.584512233734131
40,0.7777767181396484,3.7377309799194336,0.7827715277671814,3.5752313137054443
41,0.7777767181396484,3.7217111587524414,0.7827715277671814,3.566023111343384
42,0.7777767181396484,3.722230911254883,0.7827715277671814,3.551405906677246
43,0.7777767181396484,3.7109076976776123,0.7827715277671814,3.5323665142059326
44,0.7777767181396484,3.7064831256866455,0.7827715277671814,3.551433563232422
45,0.7777767181396484,3.698806047439575,0.7827715277671814,3.5496768951416016
46,0.7777767181396484,3.701977491378784,0.7827715277671814,3.5228450298309326
47,0.7777767181396484,3.6653506755828857,0.7827715277671814,3.5053622722625732
48,0.7777767181396484,3.6610703468322754,0.7827715277671814,3.515076160430908
49,0.7777767181396484,3.668626070022583,0.7827715277671814,3.497244358062744
50,0.7777767181396484,3.6325602531433105,0.7827715277671814,3.465475082397461
51,0.7777871489524841,3.6369593143463135,0.7827715277671814,3.5041422843933105
52,0.7798235416412354,3.6382062435150146,0.7848467826843262,3.4466609954833984
53,0.7777975797653198,3.6031534671783447,0.7827715277671814,3.4093856811523438
54,0.7778183817863464,3.5608675479888916,0.7827715277671814,3.4286086559295654
55,0.7783613801002502,3.5639147758483887,0.7842216491699219,3.430454730987549
56,0.7777871489524841,3.5321667194366455,0.7827715277671814,3.4057135581970215
57,0.7778392434120178,3.5299596786499023,0.7827715277671814,3.4079947471618652
58,0.7782659530639648,3.5321462154388428,0.7827715277671814,3.3942272663116455
59,0.7809905409812927,3.5242462158203125,0.7864833474159241,3.3978638648986816
60,0.7803895473480225,3.5172266960144043,0.7862545847892761,3.422544479370117
61,0.7808577418327332,3.5015180110931396,0.7862498164176941,3.4303438663482666
62,0.7801517844200134,3.501385450363159,0.7850485444068909,3.4378559589385986
63,0.7808390855789185,3.4892125129699707,0.7861270904541016,3.4215331077575684
64,0.7794573307037354,3.515040159225464,0.7844442129135132,3.4040603637695312
65,0.7798648476600647,3.5311481952667236,0.7826520204544067,3.450300455093384
66,0.7795397639274597,3.529144287109375,0.7793229818344116,3.4636483192443848
67,0.7798022627830505,3.5008316040039062,0.7795617580413818,3.4658162593841553
68,0.7808626294136047,3.503920316696167,0.7843772172927856,3.4402072429656982
69,0.7812680006027222,3.501526355743408,0.7863432765007019,3.415905475616455
70,0.781017005443573,3.488743305206299,0.7861006855964661,3.4215590953826904
71,0.7807133793830872,3.484333038330078,0.7845802307128906,3.4411673545837402
72,0.7799543142318726,3.4899322986602783,0.7799505591392517,3.4597885608673096
73,0.7797677516937256,3.4831044673919678,0.7712742686271667,3.500699996948242
74,0.7809252738952637,3.496781587600708,0.7827790379524231,3.435542106628418
75,0.780967652797699,3.5099446773529053,0.7843785285949707,3.4229085445404053
76,0.7809072136878967,3.4821219444274902,0.7823842763900757,3.4353537559509277
77,0.780935525894165,3.4672183990478516,0.7833781838417053,3.426586151123047
78,0.78080815076828,3.4587059020996094,0.7796291708946228,3.4521002769470215
79,0.7807417511940002,3.463127374649048,0.7804818153381348,3.4391937255859375
80,0.7806084752082825,3.4589779376983643,0.7785350680351257,3.4339592456817627
81,0.7802125215530396,3.445491313934326,0.7687752842903137,3.4928629398345947
82,0.7801377773284912,3.4521644115448,0.7713145613670349,3.4849984645843506
83,0.7812577486038208,3.462012767791748,0.7816603779792786,3.4370176792144775
84,0.7815154790878296,3.4729301929473877,0.7853189706802368,3.41225528717041
85,0.7810888290405273,3.472794771194458,0.7841819524765015,3.4083449840545654
86,0.7807749509811401,3.4537246227264404,0.7804080843925476,3.4224584102630615
87,0.7799429297447205,3.4537298679351807,0.7743796110153198,3.4538402557373047
88,0.7803555130958557,3.4513721466064453,0.771142840385437,3.4766182899475098
89,0.7807146906852722,3.455979824066162,0.7738838195800781,3.4905872344970703
90,0.7811805605888367,3.470001220703125,0.779986560344696,3.4629924297332764
91,0.7813748717308044,3.4616544246673584,0.7829114198684692,3.419278383255005
92,0.7805830240249634,3.4583466053009033,0.7797035574913025,3.4165191650390625
93,0.7803550362586975,3.457428455352783,0.7766405940055847,3.4323277473449707
94,0.7805849313735962,3.4519410133361816,0.7734214067459106,3.4424681663513184
95,0.7809862494468689,3.4523303508758545,0.7778035998344421,3.4479849338531494
96,0.7812216281890869,3.450589656829834,0.7830165028572083,3.4214584827423096
97,0.7812113761901855,3.4451100826263428,0.7821548581123352,3.435197591781616
98,0.7802349328994751,3.4348196983337402,0.7763854265213013,3.44771146774292
99,0.7806839942932129,3.4429562091827393,0.7690541744232178,3.4808294773101807
